<?xml version="1.0" encoding="UTF-8"?>
<!-- Generated by org.testng.reporters.JUnitReportReporter -->
<testsuite skipped="0" hostname="Lenovo-PC" name="testScript.Test3" tests="1" failures="0" timestamp="11 Aug 2018 16:58:05 GMT" time="6.798" errors="0">
  <testcase name="testTwitterLink" time="6.798" classname="testScript.Test3"/>
</testsuite> <!-- testScript.Test3 -->
