<?xml version="1.0" encoding="UTF-8"?>
<!-- Generated by org.testng.reporters.JUnitReportReporter -->
<testsuite skipped="0" hostname="Lenovo-PC" name="testScript.Test1" tests="1" failures="0" timestamp="11 Aug 2018 16:58:05 GMT" time="7.485" errors="0">
  <testcase name="testGoogleLink" time="7.485" classname="testScript.Test1"/>
</testsuite> <!-- testScript.Test1 -->
