<?xml version="1.0" encoding="UTF-8"?>
<!-- Generated by org.testng.reporters.JUnitReportReporter -->
<testsuite skipped="0" hostname="Lenovo-PC" name="testScript.Test2" tests="1" failures="0" timestamp="11 Aug 2018 16:58:05 GMT" time="9.879" errors="0">
  <testcase name="testFacebookLink" time="9.879" classname="testScript.Test2"/>
</testsuite> <!-- testScript.Test2 -->
