<?xml version="1.0" encoding="UTF-8"?>
<!-- Generated by org.testng.reporters.JUnitReportReporter -->
<testsuite skipped="0" hostname="Lenovo-PC" name="pack1.Test2" tests="3" failures="0" timestamp="11 Aug 2018 16:58:05 GMT" time="21.780" errors="0">
  <testcase name="insta" time="7.859" classname="pack1.Test2"/>
  <testcase name="google" time="6.965" classname="pack1.Test2"/>
  <testcase name="facebook" time="6.956" classname="pack1.Test2"/>
</testsuite> <!-- pack1.Test2 -->
