<?xml version="1.0" encoding="UTF-8"?>
<!-- Generated by org.testng.reporters.JUnitReportReporter -->
<testsuite skipped="0" hostname="Lenovo-PC" name="testScript.Test4" tests="1" failures="0" timestamp="11 Aug 2018 16:58:05 GMT" time="7.119" errors="0">
  <testcase name="testInstaLink" time="7.119" classname="testScript.Test4"/>
</testsuite> <!-- testScript.Test4 -->
